Build started 2014/3/27 22:26:17.
     1>Project "F:\TRTrans\master\src\LanguageTools\korean\KoreanTool\KoreanTool\KoreanTool.vcxproj" on node 2 (build target(s)).
     1>InitializeBuildStatus:
         Touching "x64\Release\KoreanTool.unsuccessfulbuild".
       ClCompile:
         All outputs are up-to-date.
       Lib:
         C:\Program Files (x86)\Microsoft Visual Studio 10.0\VC\bin\x86_amd64\Lib.exe /OUT:"F:\TRTrans\master\src\LanguageTools\korean\KoreanTool\x64\Release\KoreanTool.lib" /NOLOGO /LTCG x64\Release\Main.obj
         x64\Release\ArrayTrie.obj
         x64\Release\CompoundAnalysis.obj
         x64\Release\Dictionary.obj
         x64\Release\KMAnalyser.obj
         x64\Release\KMA_DLL.obj
         x64\Release\KUnicode.obj
         x64\Release\OptionSet.obj
         x64\Release\ProbComputer.obj
         x64\Release\StringTokenizer.obj
         x64\Release\SymbolProcessor.obj
         x64\Release\Zamo.obj
         KoreanTool.vcxproj -> F:\TRTrans\master\src\LanguageTools\korean\KoreanTool\x64\Release\KoreanTool.lib
       FinalizeBuildStatus:
         Deleting file "x64\Release\KoreanTool.unsuccessfulbuild".
         Touching "x64\Release\KoreanTool.lastbuildstate".
     1>Done Building Project "F:\TRTrans\master\src\LanguageTools\korean\KoreanTool\KoreanTool\KoreanTool.vcxproj" (build target(s)).

Build succeeded.

Time Elapsed 00:00:03.31
