F:\TRTRANS\MASTER\SRC\LANGUAGETOOLS\KOREAN\KOREANTOOL\KOREANTOOL\X64\RELEASE\ARRAYTRIE.OBJ
F:\TRTrans\master\src\LanguageTools\korean\KoreanTool\KoreanTool\x64\Release\cl.command.1.tlog
F:\TRTrans\master\src\LanguageTools\korean\KoreanTool\KoreanTool\x64\Release\CL.read.1.tlog
F:\TRTrans\master\src\LanguageTools\korean\KoreanTool\KoreanTool\x64\Release\CL.write.1.tlog
F:\TRTRANS\MASTER\SRC\LANGUAGETOOLS\KOREAN\KOREANTOOL\KOREANTOOL\X64\RELEASE\COMPOUNDANALYSIS.OBJ
F:\TRTRANS\MASTER\SRC\LANGUAGETOOLS\KOREAN\KOREANTOOL\KOREANTOOL\X64\RELEASE\DICTIONARY.OBJ
F:\TRTRANS\MASTER\SRC\LANGUAGETOOLS\KOREAN\KOREANTOOL\KOREANTOOL\X64\RELEASE\KMA_DLL.OBJ
F:\TRTRANS\MASTER\SRC\LANGUAGETOOLS\KOREAN\KOREANTOOL\KOREANTOOL\X64\RELEASE\KMANALYSER.OBJ
F:\TRTrans\master\src\LanguageTools\korean\KoreanTool\KoreanTool\x64\Release\KoreanTool.exe.intermediate.manifest
F:\TRTrans\master\src\LanguageTools\korean\KoreanTool\KoreanTool\x64\Release\KoreanTool.write.1.tlog
F:\TRTRANS\MASTER\SRC\LANGUAGETOOLS\KOREAN\KOREANTOOL\KOREANTOOL\X64\RELEASE\KUNICODE.OBJ
F:\TRTrans\master\src\LanguageTools\korean\KoreanTool\KoreanTool\x64\Release\lib.command.1.tlog
F:\TRTrans\master\src\LanguageTools\korean\KoreanTool\KoreanTool\x64\Release\Lib-link.read.1.tlog
F:\TRTrans\master\src\LanguageTools\korean\KoreanTool\KoreanTool\x64\Release\Lib-link.write.1.tlog
F:\TRTrans\master\src\LanguageTools\korean\KoreanTool\KoreanTool\x64\Release\link.command.1.tlog
F:\TRTrans\master\src\LanguageTools\korean\KoreanTool\KoreanTool\x64\Release\link.read.1.tlog
F:\TRTrans\master\src\LanguageTools\korean\KoreanTool\KoreanTool\x64\Release\link.write.1.tlog
F:\TRTRANS\MASTER\SRC\LANGUAGETOOLS\KOREAN\KOREANTOOL\KOREANTOOL\X64\RELEASE\MAIN.OBJ
F:\TRTrans\master\src\LanguageTools\korean\KoreanTool\KoreanTool\x64\Release\mt.command.1.tlog
F:\TRTrans\master\src\LanguageTools\korean\KoreanTool\KoreanTool\x64\Release\mt.read.1.tlog
F:\TRTrans\master\src\LanguageTools\korean\KoreanTool\KoreanTool\x64\Release\mt.write.1.tlog
F:\TRTRANS\MASTER\SRC\LANGUAGETOOLS\KOREAN\KOREANTOOL\KOREANTOOL\X64\RELEASE\OPTIONSET.OBJ
F:\TRTRANS\MASTER\SRC\LANGUAGETOOLS\KOREAN\KOREANTOOL\KOREANTOOL\X64\RELEASE\PROBCOMPUTER.OBJ
F:\TRTRANS\MASTER\SRC\LANGUAGETOOLS\KOREAN\KOREANTOOL\KOREANTOOL\X64\RELEASE\STRINGTOKENIZER.OBJ
F:\TRTRANS\MASTER\SRC\LANGUAGETOOLS\KOREAN\KOREANTOOL\KOREANTOOL\X64\RELEASE\SYMBOLPROCESSOR.OBJ
F:\TRTRANS\MASTER\SRC\LANGUAGETOOLS\KOREAN\KOREANTOOL\KOREANTOOL\X64\RELEASE\VC100.PDB
F:\TRTRANS\MASTER\SRC\LANGUAGETOOLS\KOREAN\KOREANTOOL\KOREANTOOL\X64\RELEASE\ZAMO.OBJ
F:\TRTRANS\MASTER\SRC\LANGUAGETOOLS\KOREAN\KOREANTOOL\X64\RELEASE\KOREANTOOL.EXE
F:\TRTrans\master\src\LanguageTools\korean\KoreanTool\x64\Release\KoreanTool.exp
F:\TRTRANS\MASTER\SRC\LANGUAGETOOLS\KOREAN\KOREANTOOL\X64\RELEASE\KOREANTOOL.LIB
F:\TRTrans\master\src\LanguageTools\korean\KoreanTool\x64\Release\KoreanTool.pdb
