D:\WORK\TRTRANS\MASTER\SRC\LANGUAGETOOLS\TIBET\TIBETSPLITSENT\CMAKEFILES\GENERATE.STAMP
D:\work\TRTrans\master\src\LanguageTools\tibet\tibetsplitsent\lib_tibetsplitsent.dir\Release\cl.command.1.tlog
D:\work\TRTrans\master\src\LanguageTools\tibet\tibetsplitsent\lib_tibetsplitsent.dir\Release\CL.read.1.tlog
D:\work\TRTrans\master\src\LanguageTools\tibet\tibetsplitsent\lib_tibetsplitsent.dir\Release\CL.write.1.tlog
D:\WORK\TRTRANS\MASTER\SRC\LANGUAGETOOLS\TIBET\TIBETSPLITSENT\LIB_TIBETSPLITSENT.DIR\RELEASE\COMMON.OBJ
D:\WORK\TRTRANS\MASTER\SRC\LANGUAGETOOLS\TIBET\TIBETSPLITSENT\LIB_TIBETSPLITSENT.DIR\RELEASE\CREATFEAT.OBJ
D:\work\TRTrans\master\src\LanguageTools\tibet\tibetsplitsent\lib_tibetsplitsent.dir\Release\custombuild.command.1.tlog
D:\work\TRTrans\master\src\LanguageTools\tibet\tibetsplitsent\lib_tibetsplitsent.dir\Release\custombuild.read.1.tlog
D:\work\TRTrans\master\src\LanguageTools\tibet\tibetsplitsent\lib_tibetsplitsent.dir\Release\custombuild.write.1.tlog
D:\WORK\TRTRANS\MASTER\SRC\LANGUAGETOOLS\TIBET\TIBETSPLITSENT\LIB_TIBETSPLITSENT.DIR\RELEASE\FILE.OBJ
D:\WORK\TRTRANS\MASTER\SRC\LANGUAGETOOLS\TIBET\TIBETSPLITSENT\LIB_TIBETSPLITSENT.DIR\RELEASE\ILINES.OBJ
D:\work\TRTrans\master\src\LanguageTools\tibet\tibetsplitsent\lib_tibetsplitsent.dir\Release\lib.command.1.tlog
D:\work\TRTrans\master\src\LanguageTools\tibet\tibetsplitsent\lib_tibetsplitsent.dir\Release\lib_tibetsplitsent.write.1.tlog
D:\work\TRTrans\master\src\LanguageTools\tibet\tibetsplitsent\lib_tibetsplitsent.dir\Release\Lib-link.read.1.tlog
D:\work\TRTrans\master\src\LanguageTools\tibet\tibetsplitsent\lib_tibetsplitsent.dir\Release\Lib-link.write.1.tlog
D:\WORK\TRTRANS\MASTER\SRC\LANGUAGETOOLS\TIBET\TIBETSPLITSENT\LIB_TIBETSPLITSENT.DIR\RELEASE\MAXENTMODEL.OBJ
D:\WORK\TRTRANS\MASTER\SRC\LANGUAGETOOLS\TIBET\TIBETSPLITSENT\LIB_TIBETSPLITSENT.DIR\RELEASE\SEGMENTER.OBJ
D:\WORK\TRTRANS\MASTER\SRC\LANGUAGETOOLS\TIBET\TIBETSPLITSENT\LIB_TIBETSPLITSENT.DIR\RELEASE\SENTENIZER.OBJ
D:\WORK\TRTRANS\MASTER\SRC\LANGUAGETOOLS\TIBET\TIBETSPLITSENT\LIB_TIBETSPLITSENT.DIR\RELEASE\TIBETSENTPARSE.OBJ
D:\WORK\TRTRANS\MASTER\SRC\LANGUAGETOOLS\TIBET\TIBETSPLITSENT\RELEASE\LIB_TIBETSPLITSENT.LIB
