D:\WORK\TRTRANS\MASTER\SRC\LANGUAGETOOLS\TIBET\TIBETSPLITSENT\CMAKEFILES\GENERATE.STAMP
D:\WORK\TRTRANS\MASTER\SRC\LANGUAGETOOLS\TIBET\TIBETSPLITSENT\DEBUG\LIB_TIBETSPLITSENT.LIB
D:\WORK\TRTRANS\MASTER\SRC\LANGUAGETOOLS\TIBET\TIBETSPLITSENT\DEBUG\LIB_TIBETSPLITSENT.PDB
D:\work\TRTrans\master\src\LanguageTools\tibet\tibetsplitsent\lib_tibetsplitsent.dir\Debug\cl.command.1.tlog
D:\work\TRTrans\master\src\LanguageTools\tibet\tibetsplitsent\lib_tibetsplitsent.dir\Debug\CL.read.1.tlog
D:\work\TRTrans\master\src\LanguageTools\tibet\tibetsplitsent\lib_tibetsplitsent.dir\Debug\CL.write.1.tlog
D:\WORK\TRTRANS\MASTER\SRC\LANGUAGETOOLS\TIBET\TIBETSPLITSENT\LIB_TIBETSPLITSENT.DIR\DEBUG\COMMON.OBJ
D:\WORK\TRTRANS\MASTER\SRC\LANGUAGETOOLS\TIBET\TIBETSPLITSENT\LIB_TIBETSPLITSENT.DIR\DEBUG\CREATFEAT.OBJ
D:\work\TRTrans\master\src\LanguageTools\tibet\tibetsplitsent\lib_tibetsplitsent.dir\Debug\custombuild.command.1.tlog
D:\work\TRTrans\master\src\LanguageTools\tibet\tibetsplitsent\lib_tibetsplitsent.dir\Debug\custombuild.read.1.tlog
D:\work\TRTrans\master\src\LanguageTools\tibet\tibetsplitsent\lib_tibetsplitsent.dir\Debug\custombuild.write.1.tlog
D:\WORK\TRTRANS\MASTER\SRC\LANGUAGETOOLS\TIBET\TIBETSPLITSENT\LIB_TIBETSPLITSENT.DIR\DEBUG\FILE.OBJ
D:\WORK\TRTRANS\MASTER\SRC\LANGUAGETOOLS\TIBET\TIBETSPLITSENT\LIB_TIBETSPLITSENT.DIR\DEBUG\ILINES.OBJ
D:\work\TRTrans\master\src\LanguageTools\tibet\tibetsplitsent\lib_tibetsplitsent.dir\Debug\lib.command.1.tlog
D:\work\TRTrans\master\src\LanguageTools\tibet\tibetsplitsent\lib_tibetsplitsent.dir\Debug\lib_tibetsplitsent.write.1.tlog
D:\work\TRTrans\master\src\LanguageTools\tibet\tibetsplitsent\lib_tibetsplitsent.dir\Debug\Lib-link.read.1.tlog
D:\work\TRTrans\master\src\LanguageTools\tibet\tibetsplitsent\lib_tibetsplitsent.dir\Debug\Lib-link.write.1.tlog
D:\WORK\TRTRANS\MASTER\SRC\LANGUAGETOOLS\TIBET\TIBETSPLITSENT\LIB_TIBETSPLITSENT.DIR\DEBUG\MAXENTMODEL.OBJ
D:\WORK\TRTRANS\MASTER\SRC\LANGUAGETOOLS\TIBET\TIBETSPLITSENT\LIB_TIBETSPLITSENT.DIR\DEBUG\SEGMENTER.OBJ
D:\WORK\TRTRANS\MASTER\SRC\LANGUAGETOOLS\TIBET\TIBETSPLITSENT\LIB_TIBETSPLITSENT.DIR\DEBUG\SENTENIZER.OBJ
D:\WORK\TRTRANS\MASTER\SRC\LANGUAGETOOLS\TIBET\TIBETSPLITSENT\LIB_TIBETSPLITSENT.DIR\DEBUG\TIBETSENTPARSE.OBJ
