Build started 2014/11/28 15:54:29.
     1>Project "D:\work\TRTrans\master\src\LanguageTools\tibet\tibetnumber\lib_tibetnumber.vcxproj" on node 4 (build target(s)).
     1>PrepareForBuild:
         Creating directory "D:\work\TRTrans\master\src\LanguageTools\tibet\tibetnumber\RelWithDebInfo\".
       InitializeBuildStatus:
         Creating "lib_tibetnumber.dir\RelWithDebInfo\lib_tibetnumber.unsuccessfulbuild" because "AlwaysCreate" was specified.
       CustomBuild:
         Building Custom Rule D:/work/TRTrans/master/src/LanguageTools/tibet/tibetnumber/CMakeLists.txt
         CMake does not need to re-run because D:\work\TRTrans\master\src\LanguageTools\tibet\tibetnumber\CMakeFiles\generate.stamp is up-to-date.
       ClCompile:
         C:\Program Files (x86)\Microsoft Visual Studio 10.0\VC\bin\x86_amd64\CL.exe /c /ID:/work/TRTrans/boost_1_48_0 /ID:/work/TRTrans/mysql/include /I"D:/work/TRTrans/mysql++-3.1.0" /ID:/work/TRTrans/icu/include/win64 /ID:/work/TRTrans/master/src/LanguageTools/tibet/tibetnumber/../.. /ID:/work/TRTrans/master/src/Common /ID:/work/TRTrans/master/src/LanguageTools/tibet/tibetnumber/. /Zi /nologo /W3 /WX- /O2 /Ob1 /D WIN32 /D _WINDOWS /D NDEBUG /D WINDOWS /D "CMAKE_INTDIR=\"RelWithDebInfo\"" /D _MBCS /Gm- /EHsc /MD /GS /fp:precise /Zc:wchar_t /Zc:forScope /GR /Fo"lib_tibetnumber.dir\RelWithDebInfo\\" /Fd"D:/work/TRTrans/master/src/LanguageTools/tibet/tibetnumber/RelWithDebInfo/lib_tibetnumber.pdb" /Gd /TP /errorReport:prompt splitutf.cpp TiNum.cpp
         splitutf.cpp
     1>splitutf.cpp(22): warning C4309: “初始化”: 截断常量值
     1>splitutf.cpp(22): warning C4309: “初始化”: 截断常量值
     1>splitutf.cpp(22): warning C4309: “初始化”: 截断常量值
     1>splitutf.cpp(24): warning C4309: “初始化”: 截断常量值
     1>splitutf.cpp(24): warning C4309: “初始化”: 截断常量值
     1>splitutf.cpp(24): warning C4309: “初始化”: 截断常量值
     1>splitutf.cpp(26): warning C4309: “初始化”: 截断常量值
     1>splitutf.cpp(26): warning C4309: “初始化”: 截断常量值
     1>splitutf.cpp(26): warning C4309: “初始化”: 截断常量值
     1>splitutf.cpp(28): warning C4309: “初始化”: 截断常量值
     1>splitutf.cpp(28): warning C4309: “初始化”: 截断常量值
     1>splitutf.cpp(28): warning C4309: “初始化”: 截断常量值
     1>splitutf.cpp(71): warning C4267: “初始化”: 从“size_t”转换到“int”，可能丢失数据
     1>splitutf.cpp(162): warning C4267: “初始化”: 从“size_t”转换到“int”，可能丢失数据
     1>splitutf.cpp(263): warning C4267: “初始化”: 从“size_t”转换到“int”，可能丢失数据
     1>splitutf.cpp(312): warning C4267: “初始化”: 从“size_t”转换到“int”，可能丢失数据
     1>splitutf.cpp(336): warning C4267: “初始化”: 从“size_t”转换到“int”，可能丢失数据
     1>splitutf.cpp(356): warning C4267: “初始化”: 从“size_t”转换到“int”，可能丢失数据
         TiNum.cpp
     1>d:\work\trtrans\master\src\languagetools\tibet\tibetnumber\../../Tools2.h(104): warning C4267: “=”: 从“size_t”转换到“unsigned int”，可能丢失数据
     1>d:\work\trtrans\master\src\languagetools\tibet\tibetnumber\../../Tools2.h(121): warning C4267: “=”: 从“size_t”转换到“unsigned int”，可能丢失数据
     1>d:\work\trtrans\master\src\languagetools\tibet\tibetnumber\NewUyNERec.h(76): warning C4309: “初始化”: 截断常量值
     1>d:\work\trtrans\master\src\languagetools\tibet\tibetnumber\NewUyNERec.h(76): warning C4309: “初始化”: 截断常量值
     1>d:\work\trtrans\master\src\languagetools\tibet\tibetnumber\NewUyNERec.h(76): warning C4309: “初始化”: 截断常量值
     1>d:\work\trtrans\master\src\languagetools\tibet\tibetnumber\NewUyNERec.h(78): warning C4309: “初始化”: 截断常量值
     1>d:\work\trtrans\master\src\languagetools\tibet\tibetnumber\NewUyNERec.h(78): warning C4309: “初始化”: 截断常量值
     1>d:\work\trtrans\master\src\languagetools\tibet\tibetnumber\NewUyNERec.h(78): warning C4309: “初始化”: 截断常量值
     1>d:\work\trtrans\master\src\languagetools\tibet\tibetnumber\NewUyNERec.h(129): warning C4267: “=”: 从“size_t”转换到“int”，可能丢失数据
     1>d:\work\trtrans\master\src\languagetools\tibet\tibetnumber\NewUyNERec.h(130): warning C4267: “=”: 从“size_t”转换到“int”，可能丢失数据
     1>d:\work\trtrans\master\src\languagetools\tibet\tibetnumber\NewUyNERec.h(142): warning C4267: “参数”: 从“size_t”转换到“int”，可能丢失数据
     1>d:\work\trtrans\master\src\languagetools\tibet\tibetnumber\NewUyNERec.h(241): warning C4267: “=”: 从“size_t”转换到“int”，可能丢失数据
     1>d:\work\trtrans\master\src\languagetools\tibet\tibetnumber\NewUyNERec.h(242): warning C4267: “=”: 从“size_t”转换到“int”，可能丢失数据
     1>d:\work\trtrans\master\src\languagetools\tibet\tibetnumber\NewUyNERec.h(252): warning C4267: “参数”: 从“size_t”转换到“int”，可能丢失数据
     1>d:\work\trtrans\master\src\languagetools\tibet\tibetnumber\NewUyNERec.h(279): warning C4805: “==”: 在操作中将类型“int”与类型“bool”混合不安全
     1>d:\work\trtrans\master\src\languagetools\tibet\tibetnumber\NewUyNERec.h(290): warning C4309: “初始化”: 截断常量值
     1>d:\work\trtrans\master\src\languagetools\tibet\tibetnumber\NewUyNERec.h(290): warning C4309: “初始化”: 截断常量值
     1>d:\work\trtrans\master\src\languagetools\tibet\tibetnumber\NewUyNERec.h(290): warning C4309: “初始化”: 截断常量值
     1>d:\work\trtrans\master\src\languagetools\tibet\tibetnumber\NewUyNERec.h(291): warning C4309: “初始化”: 截断常量值
     1>d:\work\trtrans\master\src\languagetools\tibet\tibetnumber\NewUyNERec.h(291): warning C4309: “初始化”: 截断常量值
     1>d:\work\trtrans\master\src\languagetools\tibet\tibetnumber\NewUyNERec.h(291): warning C4309: “初始化”: 截断常量值
     1>d:\work\trtrans\master\src\languagetools\tibet\tibetnumber\NewUyNERec.h(292): warning C4309: “初始化”: 截断常量值
     1>d:\work\trtrans\master\src\languagetools\tibet\tibetnumber\NewUyNERec.h(292): warning C4309: “初始化”: 截断常量值
     1>d:\work\trtrans\master\src\languagetools\tibet\tibetnumber\NewUyNERec.h(292): warning C4309: “初始化”: 截断常量值
     1>d:\work\trtrans\master\src\languagetools\tibet\tibetnumber\NewUyNERec.h(307): warning C4805: “==”: 在操作中将类型“int”与类型“bool”混合不安全
     1>d:\work\trtrans\master\src\languagetools\tibet\tibetnumber\NewUyNERec.h(331): warning C4805: “==”: 在操作中将类型“int”与类型“bool”混合不安全
     1>d:\work\trtrans\master\src\languagetools\tibet\tibetnumber\NewUyNERec.h(355): warning C4805: “==”: 在操作中将类型“int”与类型“bool”混合不安全
     1>d:\work\trtrans\master\src\languagetools\tibet\tibetnumber\NewUyNERec.h(374): warning C4244: “return”: 从“float”转换到“unsigned __int64”，可能丢失数据
     1>d:\work\trtrans\master\src\languagetools\tibet\tibetnumber\NewUyNERec.h(376): warning C4244: “return”: 从“float”转换到“unsigned __int64”，可能丢失数据
     1>TiNum.cpp(29): warning C4309: “初始化”: 截断常量值
     1>TiNum.cpp(29): warning C4309: “初始化”: 截断常量值
     1>TiNum.cpp(29): warning C4309: “初始化”: 截断常量值
     1>TiNum.cpp(33): warning C4309: “初始化”: 截断常量值
     1>TiNum.cpp(33): warning C4309: “初始化”: 截断常量值
     1>TiNum.cpp(33): warning C4309: “初始化”: 截断常量值
     1>TiNum.cpp(702): warning C4267: “+=”: 从“size_t”转换到“int”，可能丢失数据
     1>TiNum.cpp(719): warning C4267: “+=”: 从“size_t”转换到“int”，可能丢失数据
     1>TiNum.cpp(731): warning C4267: “=”: 从“size_t”转换到“int”，可能丢失数据
     1>TiNum.cpp(837): warning C4267: “初始化”: 从“size_t”转换到“int”，可能丢失数据
     1>TiNum.cpp(958): warning C4267: “+=”: 从“size_t”转换到“int”，可能丢失数据
     1>TiNum.cpp(1206): warning C4244: “初始化”: 从“double”转换到“float”，可能丢失数据
     1>TiNum.cpp(1226): warning C4244: “初始化”: 从“double”转换到“float”，可能丢失数据
     1>TiNum.cpp(1272): warning C4267: “=”: 从“size_t”转换到“int”，可能丢失数据
     1>TiNum.cpp(1273): warning C4267: “=”: 从“size_t”转换到“int”，可能丢失数据
     1>TiNum.cpp(1362): warning C4244: “初始化”: 从“double”转换到“float”，可能丢失数据
     1>TiNum.cpp(1382): warning C4244: “初始化”: 从“double”转换到“float”，可能丢失数据
     1>TiNum.cpp(1426): warning C4267: “=”: 从“size_t”转换到“int”，可能丢失数据
     1>TiNum.cpp(1427): warning C4267: “=”: 从“size_t”转换到“int”，可能丢失数据
     1>d:\work\trtrans\master\src\languagetools\tibet\tibetnumber\../../deelx.h(3627): warning C4267: “+=”: 从“size_t”转换到“int”，可能丢失数据
                 d:\work\trtrans\master\src\languagetools\tibet\tibetnumber\../../deelx.h(3383): 编译类 模板 成员函数“char *CRegexpT<CHART>::Replace(const CHART *,int,const CHART *,int,int &,int,int,MatchResult *,CContext *) const”时
                 with
                 [
                     CHART=char
                 ]
                 d:\work\trtrans\master\src\languagetools\tibet\tibetnumber\../../deelx.h(3164): 编译类 模板 成员函数“CRegexpT<CHART>::CRegexpT(const CHART *,int)”时
                 with
                 [
                     CHART=char
                 ]
                 d:\work\trtrans\master\src\languagetools\tibet\tibetnumber\NewUyNERec.h(62): 参见对正在编译的类 模板 实例化“CRegexpT<CHART>”的引用
                 with
                 [
                     CHART=char
                 ]
     1>d:\work\trtrans\master\src\languagetools\tibet\tibetnumber\../../deelx.h(3638): warning C4267: “参数”: 从“size_t”转换到“int”，可能丢失数据
     1>d:\work\trtrans\master\src\languagetools\tibet\tibetnumber\../../deelx.h(3645): warning C4267: “参数”: 从“size_t”转换到“int”，可能丢失数据
         Generating Code...
       Lib:
         C:\Program Files (x86)\Microsoft Visual Studio 10.0\VC\bin\x86_amd64\Lib.exe /OUT:"D:\work\TRTrans\master\src\LanguageTools\tibet\tibetnumber\RelWithDebInfo\lib_tibetnumber.lib" /NOLOGO lib_tibetnumber.dir\RelWithDebInfo\splitutf.obj
         lib_tibetnumber.dir\RelWithDebInfo\TiNum.obj
         lib_tibetnumber.vcxproj -> D:\work\TRTrans\master\src\LanguageTools\tibet\tibetnumber\RelWithDebInfo\lib_tibetnumber.lib
       FinalizeBuildStatus:
         Deleting file "lib_tibetnumber.dir\RelWithDebInfo\lib_tibetnumber.unsuccessfulbuild".
         Touching "lib_tibetnumber.dir\RelWithDebInfo\lib_tibetnumber.lastbuildstate".
     1>Done Building Project "D:\work\TRTrans\master\src\LanguageTools\tibet\tibetnumber\lib_tibetnumber.vcxproj" (build target(s)).

生成成功。

Time Elapsed 00:00:08.04
