Build started 2014/3/24 13:01:10.
     1>Project "F:\TRTrans\master\src\LanguageTools\korean\KoreanTool\KoreanTool\KoreanTool.vcxproj" on node 2 (build target(s)).
     1>InitializeBuildStatus:
         Touching "Debug\KoreanTool.unsuccessfulbuild".
       ClCompile:
         All outputs are up-to-date.
       ManifestResourceCompile:
         All outputs are up-to-date.
         C:\Program Files (x86)\Microsoft SDKs\Windows\v7.0A\bin\rc.exe /nologo /fo"Debug\KoreanTool.dll.embed.manifest.res" Debug\KoreanTool_manifest.rc 
       Link:
         C:\Program Files (x86)\Microsoft Visual Studio 10.0\VC\bin\link.exe /ERRORREPORT:PROMPT /OUT:"F:\TRTrans\master\src\LanguageTools\korean\KoreanTool\Debug\KoreanTool.dll" /INCREMENTAL /NOLOGO /MANIFEST /ManifestFile:"Debug\KoreanTool.dll.intermediate.manifest" /MANIFESTUAC:"level='asInvoker' uiAccess='false'" /DEBUG /PDB:"F:\TRTrans\master\src\LanguageTools\korean\KoreanTool\Debug\KoreanTool.pdb" /SUBSYSTEM:CONSOLE /TLBID:1 /DYNAMICBASE /NXCOMPAT /IMPLIB:"F:\TRTrans\master\src\LanguageTools\korean\KoreanTool\Debug\KoreanTool.lib" /MACHINE:X86 /DLL Debug\KoreanTool.dll.embed.manifest.res
         Debug\Main.obj
         Debug\ArrayTrie.obj
         Debug\CompoundAnalysis.obj
         Debug\Dictionary.obj
         Debug\KMAnalyser.obj
         Debug\KMA_DLL.obj
         Debug\KUnicode.obj
         Debug\OptionSet.obj
         Debug\ProbComputer.obj
         Debug\StringTokenizer.obj
         Debug\SymbolProcessor.obj
         Debug\Zamo.obj
         LINK : F:\TRTrans\master\src\LanguageTools\korean\KoreanTool\Debug\KoreanTool.dll not found or not built by the last incremental link; performing full link
       Manifest:
         C:\Program Files (x86)\Microsoft SDKs\Windows\v7.0A\bin\mt.exe /nologo /verbose /out:"Debug\KoreanTool.dll.embed.manifest" /manifest Debug\KoreanTool.dll.intermediate.manifest "C:\Program Files (x86)\Microsoft Visual Studio 10.0\VC\Include\Manifest\dpiaware.manifest"
         All outputs are up-to-date.
       LinkEmbedManifest:
         All outputs are up-to-date.
         KoreanTool.vcxproj -> F:\TRTrans\master\src\LanguageTools\korean\KoreanTool\Debug\KoreanTool.dll
       FinalizeBuildStatus:
         Deleting file "Debug\KoreanTool.unsuccessfulbuild".
         Touching "Debug\KoreanTool.lastbuildstate".
     1>Done Building Project "F:\TRTrans\master\src\LanguageTools\korean\KoreanTool\KoreanTool\KoreanTool.vcxproj" (build target(s)).

Build succeeded.

Time Elapsed 00:00:00.71
